Using pre-set license
Built from '2022.2/staging' branch; Version is '2022.2.9f1 (1cc571a6ec95) revision 1885553'; Using compiler version '192829333'; Build Type 'Release'
OS: 'Windows 10  (10.0.19045) 64bit Professional' Language: 'en' Physical Memory: 32708 MB
BatchMode: 1, IsHumanControllingUs: 0, StartBugReporterOnCrash: 0, Is64bit: 1, IsPro: 1

COMMAND LINE ARGUMENTS:
D:\Program Files\Unity\2022.2.9f1\Editor\Unity.exe
-adb2
-batchMode
-noUpm
-name
AssetImportWorker0
-projectPath
D:/Repos/RenderTextureShot
-logFile
Logs/AssetImportWorker0.log
-srvPort
53002
Successfully changed project path to: D:/Repos/RenderTextureShot
D:/Repos/RenderTextureShot
[UnityMemory] Configuration Parameters - Can be set up in boot.config
    "memorysetup-bucket-allocator-granularity=16"
    "memorysetup-bucket-allocator-bucket-count=8"
    "memorysetup-bucket-allocator-block-size=33554432"
    "memorysetup-bucket-allocator-block-count=8"
    "memorysetup-main-allocator-block-size=16777216"
    "memorysetup-thread-allocator-block-size=16777216"
    "memorysetup-gfx-main-allocator-block-size=16777216"
    "memorysetup-gfx-thread-allocator-block-size=16777216"
    "memorysetup-cache-allocator-block-size=4194304"
    "memorysetup-typetree-allocator-block-size=2097152"
    "memorysetup-profiler-bucket-allocator-granularity=16"
    "memorysetup-profiler-bucket-allocator-bucket-count=8"
    "memorysetup-profiler-bucket-allocator-block-size=33554432"
    "memorysetup-profiler-bucket-allocator-block-count=8"
    "memorysetup-profiler-allocator-block-size=16777216"
    "memorysetup-profiler-editor-allocator-block-size=1048576"
    "memorysetup-temp-allocator-size-main=16777216"
    "memorysetup-job-temp-allocator-block-size=2097152"
    "memorysetup-job-temp-allocator-block-size-background=1048576"
    "memorysetup-job-temp-allocator-reduction-small-platforms=262144"
    "memorysetup-temp-allocator-size-background-worker=32768"
    "memorysetup-temp-allocator-size-job-worker=262144"
    "memorysetup-temp-allocator-size-preload-manager=33554432"
    "memorysetup-temp-allocator-size-nav-mesh-worker=65536"
    "memorysetup-temp-allocator-size-audio-worker=65536"
    "memorysetup-temp-allocator-size-cloud-worker=32768"
    "memorysetup-temp-allocator-size-gi-baking-worker=262144"
    "memorysetup-temp-allocator-size-gfx=262144"
Player connection [17032] Host "[IP] 192.168.50.153 [Port] 0 [Flags] 2 [Guid] 1560052178 [EditorId] 1560052178 [Version] 1048832 [Id] WindowsEditor(7,Ncase) [Debug] 1 [PackageName] WindowsEditor [ProjectName] Editor" joined multi-casting on [225.0.0.222:54997]...

Player connection [17032] Host "[IP] 192.168.50.153 [Port] 0 [Flags] 2 [Guid] 1560052178 [EditorId] 1560052178 [Version] 1048832 [Id] WindowsEditor(7,Ncase) [Debug] 1 [PackageName] WindowsEditor [ProjectName] Editor" joined alternative multi-casting on [225.0.0.222:34997]...

Refreshing native plugins compatible for Editor in 0.95 ms, found 0 plugins.
Preloading 0 native plugins for Editor in 0.00 ms.
Initialize engine version: 2022.2.9f1 (1cc571a6ec95)
[Subsystems] Discovering subsystems at path D:/Program Files/Unity/2022.2.9f1/Editor/Data/Resources/UnitySubsystems
[Subsystems] Discovering subsystems at path D:/Repos/RenderTextureShot/Assets
GfxDevice: creating device client; threaded=0; jobified=0
Direct3D:
    Version:  Direct3D 11.0 [level 11.1]
    Renderer: NVIDIA GeForce RTX 3070 (ID=0x2488)
    Vendor:   NVIDIA
    VRAM:     8043 MB
    Driver:   31.0.15.1694
Initialize mono
Mono path[0] = 'D:/Program Files/Unity/2022.2.9f1/Editor/Data/Managed'
Mono path[1] = 'D:/Program Files/Unity/2022.2.9f1/Editor/Data/MonoBleedingEdge/lib/mono/unityjit-win32'
Mono config path = 'D:/Program Files/Unity/2022.2.9f1/Editor/Data/MonoBleedingEdge/etc'
Using monoOptions --debugger-agent=transport=dt_socket,embedding=1,server=y,suspend=n,address=127.0.0.1:56436
Begin MonoManager ReloadAssembly
Registering precompiled unity dll's ...
Register platform support module: D:/Program Files/Unity/2022.2.9f1/Editor/Data/PlaybackEngines/WindowsStandaloneSupport/UnityEditor.WindowsStandalone.Extensions.dll
Registered in 0.008363 seconds.
- Loaded All Assemblies, in  0.490 seconds
Native extension for WindowsStandalone target not found
Mono: successfully reloaded assembly
- Finished resetting the current domain, in  0.415 seconds
Domain Reload Profiling:
	ReloadAssembly (271ms)
		BeginReloadAssembly (126ms)
			ExecutionOrderSort (0ms)
			DisableScriptedObjects (0ms)
			BackupInstance (0ms)
			ReleaseScriptingObjects (0ms)
			CreateAndSetChildDomain (1ms)
		LoadAllAssembliesAndSetupDomain (0ms)
			LoadAssemblies (122ms)
			RebuildTransferFunctionScriptingTraits (0ms)
			SetupTypeCache (211ms)
				TypeCache.Initialize (210ms)
					TypeCache.ScanAssembly (207ms)
				ResolveRequiredComponents (1ms)
		FinalizeReload (0ms)
			ReleaseScriptCaches (0ms)
			RebuildScriptCaches (0ms)
			SetupLoadedEditorAssemblies (319ms)
				LogAssemblyErrors (0ms)
				InitializePlatformSupportModulesInManaged (13ms)
				SetLoadedEditorAssemblies (11ms)
				RefreshPlugins (0ms)
				BeforeProcessingInitializeOnLoad (2ms)
				ProcessInitializeOnLoadAttributes (217ms)
				ProcessInitializeOnLoadMethodAttributes (76ms)
				AfterProcessingInitializeOnLoad (0ms)
				EditorAssembliesLoaded (0ms)
			ExecutionOrderSort2 (0ms)
			AwakeInstancesAfterBackupRestoration (0ms)
========================================================================
Worker process is ready to serve import requests
Begin MonoManager ReloadAssembly
- Loaded All Assemblies, in  0.674 seconds
Refreshing native plugins compatible for Editor in 0.46 ms, found 0 plugins.
Native extension for WindowsStandalone target not found
Mono: successfully reloaded assembly
- Finished resetting the current domain, in  0.459 seconds
Domain Reload Profiling:
	ReloadAssembly (340ms)
		BeginReloadAssembly (206ms)
			ExecutionOrderSort (0ms)
			DisableScriptedObjects (9ms)
			BackupInstance (0ms)
			ReleaseScriptingObjects (0ms)
			CreateAndSetChildDomain (31ms)
		LoadAllAssembliesAndSetupDomain (332ms)
			LoadAssemblies (221ms)
			RebuildTransferFunctionScriptingTraits (0ms)
			SetupTypeCache (217ms)
				TypeCache.Initialize (209ms)
					TypeCache.ScanAssembly (206ms)
				ResolveRequiredComponents (3ms)
		FinalizeReload (0ms)
			ReleaseScriptCaches (0ms)
			RebuildScriptCaches (0ms)
			SetupLoadedEditorAssemblies (282ms)
				LogAssemblyErrors (0ms)
				InitializePlatformSupportModulesInManaged (6ms)
				SetLoadedEditorAssemblies (3ms)
				RefreshPlugins (0ms)
				BeforeProcessingInitializeOnLoad (50ms)
				ProcessInitializeOnLoadAttributes (187ms)
				ProcessInitializeOnLoadMethodAttributes (26ms)
				AfterProcessingInitializeOnLoad (9ms)
				EditorAssembliesLoaded (0ms)
			ExecutionOrderSort2 (0ms)
			AwakeInstancesAfterBackupRestoration (9ms)
Launched and connected shader compiler UnityShaderCompiler.exe after 0.06 seconds
Refreshing native plugins compatible for Editor in 0.66 ms, found 0 plugins.
Preloading 0 native plugins for Editor in 0.00 ms.
Unloading 596 Unused Serialized files (Serialized files now loaded: 0)
Unloading 9 unused Assets / (59.6 KB). Loaded Objects now: 1072.
Memory consumption went from 124.7 MB to 124.6 MB.
Total: 3.627800 ms (FindLiveObjects: 0.120100 ms CreateObjectMapping: 0.044100 ms MarkObjects: 3.324700 ms  DeleteObjects: 0.137400 ms)

AssetImportParameters requested are different than current active one (requested -> active):
  custom:video-encoder-webm-vp8: eb34c28f22e8b96e1ab97ce403110664 -> 
  custom:video-decoder-webm-vp8: 9c59270c3fd7afecdb556c50c9e8de78 -> 
  custom:audio-decoder-ogg-vorbis: bf7c407c2cedff20999df2af8eb42d56 -> 
  custom:video-decoder-ogg-theora: a1e56fd34408186e4bbccfd4996cb3dc -> 
  custom:audio-encoder-webm-vorbis: bf7c407c2cedff20999df2af8eb42d56 -> 
  custom:container-demuxer-ogg: 62fdf1f143b41e24485cea50d1cbac27 -> 
  custom:AudioImporter_EditorPlatform: d09bf68614088b80899f8185d706f6e7 -> 
  custom:framework-win-MediaFoundation: 216162199b28c13a410421893ffa2e32 -> 
  custom:container-demuxer-webm: 4f35f7cbe854078d1ac9338744f61a02 -> 
  custom:container-muxer-webm: aa71ff27fc2769a1b78a27578f13a17b -> 
========================================================================
Received Import Request.
  Time since last request: 83888.255405 seconds.
  path: Assets/Tests/Test.unity
  artifactKey: Guid(b1211d5a70c4a5c448b3ec8b7ac500ee) Importer(815301076,1909f56bfc062723c751e8b465ee728b)
Start importing Assets/Tests/Test.unity using Guid(b1211d5a70c4a5c448b3ec8b7ac500ee) Importer(815301076,1909f56bfc062723c751e8b465ee728b)  -> (artifact id: 'db22f114c97076e7df8fc7cee2af78d1') in 0.002964 seconds 
Number of updated asset objects reloaded before import = 0
Number of asset objects unloaded after import = 0
========================================================================
Received Import Request.
  Time since last request: 31.485179 seconds.
  path: Assets/RenderTextureShot/Base/Encoding.cs
  artifactKey: Guid(f99425da9a739d049aa835bf8fd47e4f) Importer(815301076,1909f56bfc062723c751e8b465ee728b)
Start importing Assets/RenderTextureShot/Base/Encoding.cs using Guid(f99425da9a739d049aa835bf8fd47e4f) Importer(815301076,1909f56bfc062723c751e8b465ee728b)  -> (artifact id: '811637a3ed2ee58448a91aede82f43cc') in 0.000911 seconds 
Number of updated asset objects reloaded before import = 0
Number of asset objects unloaded after import = 0
========================================================================
Received Import Request.
  Time since last request: 3.960426 seconds.
  path: Assets/RenderTextureShot/Base/PathHelper.cs
  artifactKey: Guid(e89881703da7df548897b30aa3260e57) Importer(815301076,1909f56bfc062723c751e8b465ee728b)
Start importing Assets/RenderTextureShot/Base/PathHelper.cs using Guid(e89881703da7df548897b30aa3260e57) Importer(815301076,1909f56bfc062723c751e8b465ee728b)  -> (artifact id: '79ebbbc3110d37f8caf1afa33bb4d7fd') in 0.000616 seconds 
Number of updated asset objects reloaded before import = 0
Number of asset objects unloaded after import = 0
========================================================================
Received Import Request.
  Time since last request: 0.117826 seconds.
  path: Assets/RenderTextureShot/Base/RenderTextureExtensions.cs
  artifactKey: Guid(aad8f70717d7e69439b53c180d39f7fd) Importer(815301076,1909f56bfc062723c751e8b465ee728b)
Start importing Assets/RenderTextureShot/Base/RenderTextureExtensions.cs using Guid(aad8f70717d7e69439b53c180d39f7fd) Importer(815301076,1909f56bfc062723c751e8b465ee728b)  -> (artifact id: 'c092830aa0a150cee0c050cc75ddeeaa') in 0.000602 seconds 
Number of updated asset objects reloaded before import = 0
Number of asset objects unloaded after import = 0
========================================================================
Received Import Request.
  Time since last request: 31.213134 seconds.
  path: Assets/RenderTextureShot/Base/RenderTextureExtensions.cs
  artifactKey: Guid(aad8f70717d7e69439b53c180d39f7fd) Importer(815301076,1909f56bfc062723c751e8b465ee728b)
Start importing Assets/RenderTextureShot/Base/RenderTextureExtensions.cs using Guid(aad8f70717d7e69439b53c180d39f7fd) Importer(815301076,1909f56bfc062723c751e8b465ee728b)  -> (artifact id: '4148b73ad0f11ac569385a691025e4ed') in 0.000495 seconds 
Number of updated asset objects reloaded before import = 0
Number of asset objects unloaded after import = 0
========================================================================
Received Import Request.
  Time since last request: 5.651465 seconds.
  path: Assets/RenderTextureShot/Base/RenderTextureExtensions.cs
  artifactKey: Guid(aad8f70717d7e69439b53c180d39f7fd) Importer(815301076,1909f56bfc062723c751e8b465ee728b)
Start importing Assets/RenderTextureShot/Base/RenderTextureExtensions.cs using Guid(aad8f70717d7e69439b53c180d39f7fd) Importer(815301076,1909f56bfc062723c751e8b465ee728b)  -> (artifact id: '51f7b0090394f85696fb9f21529cf8ed') in 0.000513 seconds 
Number of updated asset objects reloaded before import = 0
Number of asset objects unloaded after import = 0
========================================================================
Received Import Request.
  Time since last request: 43.206545 seconds.
  path: Assets/RenderTextureShot/Base/RenderTextureExtensions.cs
  artifactKey: Guid(aad8f70717d7e69439b53c180d39f7fd) Importer(815301076,1909f56bfc062723c751e8b465ee728b)
Start importing Assets/RenderTextureShot/Base/RenderTextureExtensions.cs using Guid(aad8f70717d7e69439b53c180d39f7fd) Importer(815301076,1909f56bfc062723c751e8b465ee728b)  -> (artifact id: 'adb817f6cea609b6e4c32725ad913fdf') in 0.000605 seconds 
Number of updated asset objects reloaded before import = 0
Number of asset objects unloaded after import = 0
========================================================================
Received Import Request.
  Time since last request: 57.150230 seconds.
  path: Assets/RenderTextureShot/Base/RenderTextureExtensions.cs
  artifactKey: Guid(aad8f70717d7e69439b53c180d39f7fd) Importer(815301076,1909f56bfc062723c751e8b465ee728b)
Start importing Assets/RenderTextureShot/Base/RenderTextureExtensions.cs using Guid(aad8f70717d7e69439b53c180d39f7fd) Importer(815301076,1909f56bfc062723c751e8b465ee728b)  -> (artifact id: 'd2ea46bfbb4bb02043f271ad35d75693') in 0.000444 seconds 
Number of updated asset objects reloaded before import = 0
Number of asset objects unloaded after import = 0
========================================================================
Received Import Request.
  Time since last request: 4.531428 seconds.
  path: Assets/RenderTextureShot/Base/RenderTextureExtensions.cs
  artifactKey: Guid(aad8f70717d7e69439b53c180d39f7fd) Importer(815301076,1909f56bfc062723c751e8b465ee728b)
Start importing Assets/RenderTextureShot/Base/RenderTextureExtensions.cs using Guid(aad8f70717d7e69439b53c180d39f7fd) Importer(815301076,1909f56bfc062723c751e8b465ee728b)  -> (artifact id: '41e7ae34876f0485f6b338840e879f3d') in 0.000898 seconds 
Number of updated asset objects reloaded before import = 0
Number of asset objects unloaded after import = 0
========================================================================
Received Prepare
Begin MonoManager ReloadAssembly
- Loaded All Assemblies, in  0.570 seconds
Refreshing native plugins compatible for Editor in 0.53 ms, found 0 plugins.
Native extension for WindowsStandalone target not found
Mono: successfully reloaded assembly
- Finished resetting the current domain, in  0.441 seconds
Domain Reload Profiling:
	ReloadAssembly (273ms)
		BeginReloadAssembly (173ms)
			ExecutionOrderSort (0ms)
			DisableScriptedObjects (6ms)
			BackupInstance (0ms)
			ReleaseScriptingObjects (0ms)
			CreateAndSetChildDomain (35ms)
		LoadAllAssembliesAndSetupDomain (295ms)
			LoadAssemblies (192ms)
			RebuildTransferFunctionScriptingTraits (0ms)
			SetupTypeCache (195ms)
				TypeCache.Initialize (191ms)
					TypeCache.ScanAssembly (187ms)
				ResolveRequiredComponents (3ms)
		FinalizeReload (0ms)
			ReleaseScriptCaches (0ms)
			RebuildScriptCaches (0ms)
			SetupLoadedEditorAssemblies (236ms)
				LogAssemblyErrors (0ms)
				InitializePlatformSupportModulesInManaged (6ms)
				SetLoadedEditorAssemblies (2ms)
				RefreshPlugins (0ms)
				BeforeProcessingInitializeOnLoad (41ms)
				ProcessInitializeOnLoadAttributes (155ms)
				ProcessInitializeOnLoadMethodAttributes (22ms)
				AfterProcessingInitializeOnLoad (9ms)
				EditorAssembliesLoaded (0ms)
			ExecutionOrderSort2 (0ms)
			AwakeInstancesAfterBackupRestoration (8ms)
Refreshing native plugins compatible for Editor in 0.51 ms, found 0 plugins.
Preloading 0 native plugins for Editor in 0.00 ms.
Unloading 590 Unused Serialized files (Serialized files now loaded: 0)
Unloading 5 unused Assets / (23.7 KB). Loaded Objects now: 1075.
Memory consumption went from 123.5 MB to 123.4 MB.
Total: 2.959100 ms (FindLiveObjects: 0.092700 ms CreateObjectMapping: 0.022200 ms MarkObjects: 2.804600 ms  DeleteObjects: 0.038000 ms)

Prepare: number of updated asset objects reloaded= 0
AssetImportParameters requested are different than current active one (requested -> active):
  custom:video-encoder-webm-vp8: eb34c28f22e8b96e1ab97ce403110664 -> 
  custom:video-decoder-webm-vp8: 9c59270c3fd7afecdb556c50c9e8de78 -> 
  custom:audio-decoder-ogg-vorbis: bf7c407c2cedff20999df2af8eb42d56 -> 
  custom:video-decoder-ogg-theora: a1e56fd34408186e4bbccfd4996cb3dc -> 
  custom:audio-encoder-webm-vorbis: bf7c407c2cedff20999df2af8eb42d56 -> 
  custom:container-demuxer-ogg: 62fdf1f143b41e24485cea50d1cbac27 -> 
  custom:AudioImporter_EditorPlatform: d09bf68614088b80899f8185d706f6e7 -> 
  custom:framework-win-MediaFoundation: 216162199b28c13a410421893ffa2e32 -> 
  custom:container-demuxer-webm: 4f35f7cbe854078d1ac9338744f61a02 -> 
  custom:container-muxer-webm: aa71ff27fc2769a1b78a27578f13a17b -> 
========================================================================
Received Import Request.
  Time since last request: 14.478562 seconds.
  path: Assets/Dev/Editor
  artifactKey: Guid(e49e92aaebaec7b499ff49df822ff1ab) Importer(815301076,1909f56bfc062723c751e8b465ee728b)
Start importing Assets/Dev/Editor using Guid(e49e92aaebaec7b499ff49df822ff1ab) Importer(815301076,1909f56bfc062723c751e8b465ee728b)  -> (artifact id: '17c15c159aac4bf75c150ff0e82ac792') in 0.001839 seconds 
Number of updated asset objects reloaded before import = 0
Number of asset objects unloaded after import = 0
========================================================================
Received Prepare
Begin MonoManager ReloadAssembly
- Loaded All Assemblies, in  0.568 seconds
Refreshing native plugins compatible for Editor in 0.44 ms, found 0 plugins.
Native extension for WindowsStandalone target not found
Mono: successfully reloaded assembly
- Finished resetting the current domain, in  0.500 seconds
Domain Reload Profiling:
	ReloadAssembly (283ms)
		BeginReloadAssembly (187ms)
			ExecutionOrderSort (0ms)
			DisableScriptedObjects (8ms)
			BackupInstance (0ms)
			ReleaseScriptingObjects (0ms)
			CreateAndSetChildDomain (45ms)
		LoadAllAssembliesAndSetupDomain (284ms)
			LoadAssemblies (190ms)
			RebuildTransferFunctionScriptingTraits (0ms)
			SetupTypeCache (189ms)
				TypeCache.Initialize (186ms)
					TypeCache.ScanAssembly (183ms)
				ResolveRequiredComponents (2ms)
		FinalizeReload (0ms)
			ReleaseScriptCaches (0ms)
			RebuildScriptCaches (0ms)
			SetupLoadedEditorAssemblies (283ms)
				LogAssemblyErrors (0ms)
				InitializePlatformSupportModulesInManaged (7ms)
				SetLoadedEditorAssemblies (3ms)
				RefreshPlugins (0ms)
				BeforeProcessingInitializeOnLoad (50ms)
				ProcessInitializeOnLoadAttributes (180ms)
				ProcessInitializeOnLoadMethodAttributes (33ms)
				AfterProcessingInitializeOnLoad (9ms)
				EditorAssembliesLoaded (0ms)
			ExecutionOrderSort2 (0ms)
			AwakeInstancesAfterBackupRestoration (11ms)
Refreshing native plugins compatible for Editor in 0.53 ms, found 0 plugins.
Preloading 0 native plugins for Editor in 0.00 ms.
Unloading 582 Unused Serialized files (Serialized files now loaded: 0)
Unloading 6 unused Assets / (24.3 KB). Loaded Objects now: 1077.
Memory consumption went from 122.4 MB to 122.3 MB.
Total: 3.274200 ms (FindLiveObjects: 0.110400 ms CreateObjectMapping: 0.032500 ms MarkObjects: 3.082600 ms  DeleteObjects: 0.046800 ms)

Prepare: number of updated asset objects reloaded= 0
AssetImportParameters requested are different than current active one (requested -> active):
  custom:video-encoder-webm-vp8: eb34c28f22e8b96e1ab97ce403110664 -> 
  custom:video-decoder-webm-vp8: 9c59270c3fd7afecdb556c50c9e8de78 -> 
  custom:audio-decoder-ogg-vorbis: bf7c407c2cedff20999df2af8eb42d56 -> 
  custom:video-decoder-ogg-theora: a1e56fd34408186e4bbccfd4996cb3dc -> 
  custom:audio-encoder-webm-vorbis: bf7c407c2cedff20999df2af8eb42d56 -> 
  custom:container-demuxer-ogg: 62fdf1f143b41e24485cea50d1cbac27 -> 
  custom:AudioImporter_EditorPlatform: d09bf68614088b80899f8185d706f6e7 -> 
  custom:framework-win-MediaFoundation: 216162199b28c13a410421893ffa2e32 -> 
  custom:container-demuxer-webm: 4f35f7cbe854078d1ac9338744f61a02 -> 
  custom:container-muxer-webm: aa71ff27fc2769a1b78a27578f13a17b -> 
========================================================================
Received Prepare
Begin MonoManager ReloadAssembly
- Loaded All Assemblies, in  0.700 seconds
Refreshing native plugins compatible for Editor in 0.39 ms, found 0 plugins.
Native extension for WindowsStandalone target not found
Mono: successfully reloaded assembly
- Finished resetting the current domain, in  0.481 seconds
Domain Reload Profiling:
	ReloadAssembly (331ms)
		BeginReloadAssembly (188ms)
			ExecutionOrderSort (0ms)
			DisableScriptedObjects (7ms)
			BackupInstance (0ms)
			ReleaseScriptingObjects (0ms)
			CreateAndSetChildDomain (48ms)
		LoadAllAssembliesAndSetupDomain (367ms)
			LoadAssemblies (201ms)
			RebuildTransferFunctionScriptingTraits (0ms)
			SetupTypeCache (260ms)
				TypeCache.Initialize (256ms)
					TypeCache.ScanAssembly (251ms)
				ResolveRequiredComponents (3ms)
		FinalizeReload (0ms)
			ReleaseScriptCaches (0ms)
			RebuildScriptCaches (0ms)
			SetupLoadedEditorAssemblies (240ms)
				LogAssemblyErrors (0ms)
				InitializePlatformSupportModulesInManaged (8ms)
				SetLoadedEditorAssemblies (5ms)
				RefreshPlugins (0ms)
				BeforeProcessingInitializeOnLoad (46ms)
				ProcessInitializeOnLoadAttributes (151ms)
				ProcessInitializeOnLoadMethodAttributes (23ms)
				AfterProcessingInitializeOnLoad (6ms)
				EditorAssembliesLoaded (0ms)
			ExecutionOrderSort2 (0ms)
			AwakeInstancesAfterBackupRestoration (9ms)
Refreshing native plugins compatible for Editor in 0.49 ms, found 0 plugins.
Preloading 0 native plugins for Editor in 0.00 ms.
Unloading 583 Unused Serialized files (Serialized files now loaded: 0)
Unloading 5 unused Assets / (31.1 KB). Loaded Objects now: 1080.
Memory consumption went from 122.7 MB to 122.6 MB.
Total: 2.197200 ms (FindLiveObjects: 0.084000 ms CreateObjectMapping: 0.024600 ms MarkObjects: 2.063400 ms  DeleteObjects: 0.024200 ms)

Prepare: number of updated asset objects reloaded= 0
AssetImportParameters requested are different than current active one (requested -> active):
  custom:video-encoder-webm-vp8: eb34c28f22e8b96e1ab97ce403110664 -> 
  custom:video-decoder-webm-vp8: 9c59270c3fd7afecdb556c50c9e8de78 -> 
  custom:audio-decoder-ogg-vorbis: bf7c407c2cedff20999df2af8eb42d56 -> 
  custom:video-decoder-ogg-theora: a1e56fd34408186e4bbccfd4996cb3dc -> 
  custom:audio-encoder-webm-vorbis: bf7c407c2cedff20999df2af8eb42d56 -> 
  custom:container-demuxer-ogg: 62fdf1f143b41e24485cea50d1cbac27 -> 
  custom:AudioImporter_EditorPlatform: d09bf68614088b80899f8185d706f6e7 -> 
  custom:framework-win-MediaFoundation: 216162199b28c13a410421893ffa2e32 -> 
  custom:container-demuxer-webm: 4f35f7cbe854078d1ac9338744f61a02 -> 
  custom:container-muxer-webm: aa71ff27fc2769a1b78a27578f13a17b -> 
========================================================================
Received Import Request.
  Time since last request: 229.390825 seconds.
  path: Assets/RenderTextureShot/Docs/License.txt
  artifactKey: Guid(ceed3f4f7d67a6b47992d0745839455d) Importer(815301076,1909f56bfc062723c751e8b465ee728b)
Start importing Assets/RenderTextureShot/Docs/License.txt using Guid(ceed3f4f7d67a6b47992d0745839455d) Importer(815301076,1909f56bfc062723c751e8b465ee728b)  -> (artifact id: 'b6484e72ffd8f5923f4070eb2a7de8ca') in 0.011129 seconds 
Number of updated asset objects reloaded before import = 0
Number of asset objects unloaded after import = 1
========================================================================
Received Import Request.
  Time since last request: 1.058663 seconds.
  path: Assets/RenderTextureShot/Docs/Versions.txt
  artifactKey: Guid(bd7e7d2c44aefcf4aad76414be4ac932) Importer(815301076,1909f56bfc062723c751e8b465ee728b)
Start importing Assets/RenderTextureShot/Docs/Versions.txt using Guid(bd7e7d2c44aefcf4aad76414be4ac932) Importer(815301076,1909f56bfc062723c751e8b465ee728b)  -> (artifact id: '3d426d1bcb0375c7d3890c35338731f5') in 0.001003 seconds 
Number of updated asset objects reloaded before import = 0
Number of asset objects unloaded after import = 1
========================================================================
Received Import Request.
  Time since last request: 16.549285 seconds.
  path: Assets/RenderTextureShot/RuntimeRenderTextureShot.cs
  artifactKey: Guid(6bcc40c411e4f674da7c790e31661463) Importer(815301076,1909f56bfc062723c751e8b465ee728b)
Start importing Assets/RenderTextureShot/RuntimeRenderTextureShot.cs using Guid(6bcc40c411e4f674da7c790e31661463) Importer(815301076,1909f56bfc062723c751e8b465ee728b)  -> (artifact id: '71506fe3f090814a32b9050566c9a760') in 0.000544 seconds 
Number of updated asset objects reloaded before import = 0
Number of asset objects unloaded after import = 0
========================================================================
Received Import Request.
  Time since last request: 37.644017 seconds.
  path: Assets/Tests
  artifactKey: Guid(36ae262c8ac7b0e42a62e978f0762a28) Importer(815301076,1909f56bfc062723c751e8b465ee728b)
Start importing Assets/Tests using Guid(36ae262c8ac7b0e42a62e978f0762a28) Importer(815301076,1909f56bfc062723c751e8b465ee728b)  -> (artifact id: '2cc9ebc3e1758adc573d2e1f1d9e34e2') in 0.000492 seconds 
Number of updated asset objects reloaded before import = 0
Number of asset objects unloaded after import = 0
========================================================================
Received Import Request.
  Time since last request: 1463.842584 seconds.
  path: Assets/RenderTextureShot/Base/RenderTextureExtensions.cs
  artifactKey: Guid(aad8f70717d7e69439b53c180d39f7fd) Importer(815301076,1909f56bfc062723c751e8b465ee728b)
Start importing Assets/RenderTextureShot/Base/RenderTextureExtensions.cs using Guid(aad8f70717d7e69439b53c180d39f7fd) Importer(815301076,1909f56bfc062723c751e8b465ee728b)  -> (artifact id: 'f3ffe86bf1e0e648ad92972ae4e9a96b') in 0.000633 seconds 
Number of updated asset objects reloaded before import = 0
Number of asset objects unloaded after import = 0
========================================================================
Received Prepare
Begin MonoManager ReloadAssembly
- Loaded All Assemblies, in  0.692 seconds
Refreshing native plugins compatible for Editor in 0.60 ms, found 0 plugins.
Native extension for WindowsStandalone target not found
Mono: successfully reloaded assembly
- Finished resetting the current domain, in  0.542 seconds
Domain Reload Profiling:
	ReloadAssembly (349ms)
		BeginReloadAssembly (192ms)
			ExecutionOrderSort (0ms)
			DisableScriptedObjects (8ms)
			BackupInstance (0ms)
			ReleaseScriptingObjects (0ms)
			CreateAndSetChildDomain (36ms)
		LoadAllAssembliesAndSetupDomain (341ms)
			LoadAssemblies (224ms)
			RebuildTransferFunctionScriptingTraits (0ms)
			SetupTypeCache (225ms)
				TypeCache.Initialize (220ms)
					TypeCache.ScanAssembly (215ms)
				ResolveRequiredComponents (4ms)
		FinalizeReload (0ms)
			ReleaseScriptCaches (0ms)
			RebuildScriptCaches (0ms)
			SetupLoadedEditorAssemblies (281ms)
				LogAssemblyErrors (0ms)
				InitializePlatformSupportModulesInManaged (9ms)
				SetLoadedEditorAssemblies (5ms)
				RefreshPlugins (0ms)
				BeforeProcessingInitializeOnLoad (62ms)
				ProcessInitializeOnLoadAttributes (171ms)
				ProcessInitializeOnLoadMethodAttributes (26ms)
				AfterProcessingInitializeOnLoad (8ms)
				EditorAssembliesLoaded (0ms)
			ExecutionOrderSort2 (0ms)
			AwakeInstancesAfterBackupRestoration (9ms)
Refreshing native plugins compatible for Editor in 0.56 ms, found 0 plugins.
Preloading 0 native plugins for Editor in 0.00 ms.
Unloading 582 Unused Serialized files (Serialized files now loaded: 0)
Unloading 5 unused Assets / (23.7 KB). Loaded Objects now: 1084.
Memory consumption went from 122.4 MB to 122.4 MB.
Total: 3.180100 ms (FindLiveObjects: 0.116300 ms CreateObjectMapping: 0.063300 ms MarkObjects: 2.968000 ms  DeleteObjects: 0.031500 ms)

Prepare: number of updated asset objects reloaded= 0
AssetImportParameters requested are different than current active one (requested -> active):
  custom:video-encoder-webm-vp8: eb34c28f22e8b96e1ab97ce403110664 -> 
  custom:video-decoder-webm-vp8: 9c59270c3fd7afecdb556c50c9e8de78 -> 
  custom:audio-decoder-ogg-vorbis: bf7c407c2cedff20999df2af8eb42d56 -> 
  custom:video-decoder-ogg-theora: a1e56fd34408186e4bbccfd4996cb3dc -> 
  custom:audio-encoder-webm-vorbis: bf7c407c2cedff20999df2af8eb42d56 -> 
  custom:container-demuxer-ogg: 62fdf1f143b41e24485cea50d1cbac27 -> 
  custom:AudioImporter_EditorPlatform: d09bf68614088b80899f8185d706f6e7 -> 
  custom:framework-win-MediaFoundation: 216162199b28c13a410421893ffa2e32 -> 
  custom:container-demuxer-webm: 4f35f7cbe854078d1ac9338744f61a02 -> 
  custom:container-muxer-webm: aa71ff27fc2769a1b78a27578f13a17b -> 
========================================================================
Received Prepare
Begin MonoManager ReloadAssembly
- Loaded All Assemblies, in  0.531 seconds
Refreshing native plugins compatible for Editor in 0.37 ms, found 0 plugins.
Native extension for WindowsStandalone target not found
Mono: successfully reloaded assembly
- Finished resetting the current domain, in  0.471 seconds
Domain Reload Profiling:
	ReloadAssembly (250ms)
		BeginReloadAssembly (160ms)
			ExecutionOrderSort (0ms)
			DisableScriptedObjects (6ms)
			BackupInstance (0ms)
			ReleaseScriptingObjects (0ms)
			CreateAndSetChildDomain (30ms)
		LoadAllAssembliesAndSetupDomain (279ms)
			LoadAssemblies (181ms)
			RebuildTransferFunctionScriptingTraits (0ms)
			SetupTypeCache (187ms)
				TypeCache.Initialize (184ms)
					TypeCache.ScanAssembly (181ms)
				ResolveRequiredComponents (3ms)
		FinalizeReload (0ms)
			ReleaseScriptCaches (0ms)
			RebuildScriptCaches (0ms)
			SetupLoadedEditorAssemblies (252ms)
				LogAssemblyErrors (0ms)
				InitializePlatformSupportModulesInManaged (7ms)
				SetLoadedEditorAssemblies (4ms)
				RefreshPlugins (0ms)
				BeforeProcessingInitializeOnLoad (44ms)
				ProcessInitializeOnLoadAttributes (157ms)
				ProcessInitializeOnLoadMethodAttributes (30ms)
				AfterProcessingInitializeOnLoad (10ms)
				EditorAssembliesLoaded (1ms)
			ExecutionOrderSort2 (0ms)
			AwakeInstancesAfterBackupRestoration (13ms)
Refreshing native plugins compatible for Editor in 0.96 ms, found 0 plugins.
Preloading 0 native plugins for Editor in 0.00 ms.
Unloading 583 Unused Serialized files (Serialized files now loaded: 0)
Unloading 5 unused Assets / (31.1 KB). Loaded Objects now: 1087.
Memory consumption went from 122.7 MB to 122.6 MB.
Total: 4.142900 ms (FindLiveObjects: 0.105300 ms CreateObjectMapping: 0.044000 ms MarkObjects: 3.959700 ms  DeleteObjects: 0.032700 ms)

Prepare: number of updated asset objects reloaded= 0
AssetImportParameters requested are different than current active one (requested -> active):
  custom:video-encoder-webm-vp8: eb34c28f22e8b96e1ab97ce403110664 -> 
  custom:video-decoder-webm-vp8: 9c59270c3fd7afecdb556c50c9e8de78 -> 
  custom:audio-decoder-ogg-vorbis: bf7c407c2cedff20999df2af8eb42d56 -> 
  custom:video-decoder-ogg-theora: a1e56fd34408186e4bbccfd4996cb3dc -> 
  custom:audio-encoder-webm-vorbis: bf7c407c2cedff20999df2af8eb42d56 -> 
  custom:container-demuxer-ogg: 62fdf1f143b41e24485cea50d1cbac27 -> 
  custom:AudioImporter_EditorPlatform: d09bf68614088b80899f8185d706f6e7 -> 
  custom:framework-win-MediaFoundation: 216162199b28c13a410421893ffa2e32 -> 
  custom:container-demuxer-webm: 4f35f7cbe854078d1ac9338744f61a02 -> 
  custom:container-muxer-webm: aa71ff27fc2769a1b78a27578f13a17b -> 
========================================================================
Received Import Request.
  Time since last request: 63.483654 seconds.
  path: Assets/RenderTextureShot/Example/RuntimeRenderTextureShot.unity
  artifactKey: Guid(f5e6c51f0d2ba6b47a322f9f49bfc6f7) Importer(815301076,1909f56bfc062723c751e8b465ee728b)
Start importing Assets/RenderTextureShot/Example/RuntimeRenderTextureShot.unity using Guid(f5e6c51f0d2ba6b47a322f9f49bfc6f7) Importer(815301076,1909f56bfc062723c751e8b465ee728b)  -> (artifact id: 'a96152d7104d8595922f0d2a508f039d') in 0.002106 seconds 
Number of updated asset objects reloaded before import = 0
Number of asset objects unloaded after import = 0
========================================================================
Received Import Request.
  Time since last request: 19.315357 seconds.
  path: Assets/RenderTextureShot
  artifactKey: Guid(91ad97e57db94ef409a8645e4fbf9dc3) Importer(815301076,1909f56bfc062723c751e8b465ee728b)
Start importing Assets/RenderTextureShot using Guid(91ad97e57db94ef409a8645e4fbf9dc3) Importer(815301076,1909f56bfc062723c751e8b465ee728b)  -> (artifact id: '681bfc84154e7f22c6ff4e05225dda27') in 0.000458 seconds 
Number of updated asset objects reloaded before import = 0
Number of asset objects unloaded after import = 0
========================================================================
Received Import Request.
  Time since last request: 100.218661 seconds.
  path: Assets/RenderTextureShot/Base/PathHelper.cs
  artifactKey: Guid(e89881703da7df548897b30aa3260e57) Importer(815301076,1909f56bfc062723c751e8b465ee728b)
Start importing Assets/RenderTextureShot/Base/PathHelper.cs using Guid(e89881703da7df548897b30aa3260e57) Importer(815301076,1909f56bfc062723c751e8b465ee728b)  -> (artifact id: 'db83a81212871d2081cf6bf765aaf187') in 0.001126 seconds 
Number of updated asset objects reloaded before import = 0
Number of asset objects unloaded after import = 0
========================================================================
Received Prepare
Begin MonoManager ReloadAssembly
- Loaded All Assemblies, in  0.545 seconds
Refreshing native plugins compatible for Editor in 0.61 ms, found 0 plugins.
Native extension for WindowsStandalone target not found
Mono: successfully reloaded assembly
- Finished resetting the current domain, in  0.432 seconds
Domain Reload Profiling:
	ReloadAssembly (255ms)
		BeginReloadAssembly (156ms)
			ExecutionOrderSort (0ms)
			DisableScriptedObjects (7ms)
			BackupInstance (0ms)
			ReleaseScriptingObjects (0ms)
			CreateAndSetChildDomain (34ms)
		LoadAllAssembliesAndSetupDomain (288ms)
			LoadAssemblies (180ms)
			RebuildTransferFunctionScriptingTraits (0ms)
			SetupTypeCache (190ms)
				TypeCache.Initialize (186ms)
					TypeCache.ScanAssembly (183ms)
				ResolveRequiredComponents (3ms)
		FinalizeReload (0ms)
			ReleaseScriptCaches (0ms)
			RebuildScriptCaches (0ms)
			SetupLoadedEditorAssemblies (224ms)
				LogAssemblyErrors (0ms)
				InitializePlatformSupportModulesInManaged (8ms)
				SetLoadedEditorAssemblies (3ms)
				RefreshPlugins (0ms)
				BeforeProcessingInitializeOnLoad (41ms)
				ProcessInitializeOnLoadAttributes (142ms)
				ProcessInitializeOnLoadMethodAttributes (23ms)
				AfterProcessingInitializeOnLoad (6ms)
				EditorAssembliesLoaded (0ms)
			ExecutionOrderSort2 (0ms)
			AwakeInstancesAfterBackupRestoration (8ms)
Refreshing native plugins compatible for Editor in 0.36 ms, found 0 plugins.
Preloading 0 native plugins for Editor in 0.00 ms.
Unloading 582 Unused Serialized files (Serialized files now loaded: 0)
Unloading 5 unused Assets / (23.7 KB). Loaded Objects now: 1090.
Memory consumption went from 122.4 MB to 122.4 MB.
Total: 2.159200 ms (FindLiveObjects: 0.104400 ms CreateObjectMapping: 0.020900 ms MarkObjects: 2.006700 ms  DeleteObjects: 0.026300 ms)

Prepare: number of updated asset objects reloaded= 0
AssetImportParameters requested are different than current active one (requested -> active):
  custom:video-encoder-webm-vp8: eb34c28f22e8b96e1ab97ce403110664 -> 
  custom:video-decoder-webm-vp8: 9c59270c3fd7afecdb556c50c9e8de78 -> 
  custom:audio-decoder-ogg-vorbis: bf7c407c2cedff20999df2af8eb42d56 -> 
  custom:video-decoder-ogg-theora: a1e56fd34408186e4bbccfd4996cb3dc -> 
  custom:audio-encoder-webm-vorbis: bf7c407c2cedff20999df2af8eb42d56 -> 
  custom:container-demuxer-ogg: 62fdf1f143b41e24485cea50d1cbac27 -> 
  custom:AudioImporter_EditorPlatform: d09bf68614088b80899f8185d706f6e7 -> 
  custom:framework-win-MediaFoundation: 216162199b28c13a410421893ffa2e32 -> 
  custom:container-demuxer-webm: 4f35f7cbe854078d1ac9338744f61a02 -> 
  custom:container-muxer-webm: aa71ff27fc2769a1b78a27578f13a17b -> 
========================================================================
Received Import Request.
  Time since last request: 33.486502 seconds.
  path: Assets/RenderTextureShot/Base/PathHelper.cs
  artifactKey: Guid(e89881703da7df548897b30aa3260e57) Importer(815301076,1909f56bfc062723c751e8b465ee728b)
Start importing Assets/RenderTextureShot/Base/PathHelper.cs using Guid(e89881703da7df548897b30aa3260e57) Importer(815301076,1909f56bfc062723c751e8b465ee728b)  -> (artifact id: '1bc1acc64e47d65c03289eb9c29c0198') in 0.001852 seconds 
Number of updated asset objects reloaded before import = 0
Number of asset objects unloaded after import = 0
========================================================================
Received Prepare
Begin MonoManager ReloadAssembly
- Loaded All Assemblies, in  0.541 seconds
Refreshing native plugins compatible for Editor in 0.56 ms, found 0 plugins.
Native extension for WindowsStandalone target not found
Mono: successfully reloaded assembly
- Finished resetting the current domain, in  0.434 seconds
Domain Reload Profiling:
	ReloadAssembly (258ms)
		BeginReloadAssembly (154ms)
			ExecutionOrderSort (0ms)
			DisableScriptedObjects (7ms)
			BackupInstance (0ms)
			ReleaseScriptingObjects (0ms)
			CreateAndSetChildDomain (30ms)
		LoadAllAssembliesAndSetupDomain (281ms)
			LoadAssemblies (177ms)
			RebuildTransferFunctionScriptingTraits (0ms)
			SetupTypeCache (184ms)
				TypeCache.Initialize (181ms)
					TypeCache.ScanAssembly (178ms)
				ResolveRequiredComponents (3ms)
		FinalizeReload (0ms)
			ReleaseScriptCaches (0ms)
			RebuildScriptCaches (0ms)
			SetupLoadedEditorAssemblies (218ms)
				LogAssemblyErrors (0ms)
				InitializePlatformSupportModulesInManaged (7ms)
				SetLoadedEditorAssemblies (3ms)
				RefreshPlugins (0ms)
				BeforeProcessingInitializeOnLoad (41ms)
				ProcessInitializeOnLoadAttributes (140ms)
				ProcessInitializeOnLoadMethodAttributes (20ms)
				AfterProcessingInitializeOnLoad (7ms)
				EditorAssembliesLoaded (0ms)
			ExecutionOrderSort2 (0ms)
			AwakeInstancesAfterBackupRestoration (9ms)
Refreshing native plugins compatible for Editor in 0.51 ms, found 0 plugins.
Preloading 0 native plugins for Editor in 0.00 ms.
Unloading 582 Unused Serialized files (Serialized files now loaded: 0)
Unloading 5 unused Assets / (23.8 KB). Loaded Objects now: 1093.
Memory consumption went from 122.4 MB to 122.4 MB.
Total: 2.970900 ms (FindLiveObjects: 0.115800 ms CreateObjectMapping: 0.062200 ms MarkObjects: 2.753900 ms  DeleteObjects: 0.037800 ms)

Prepare: number of updated asset objects reloaded= 0
AssetImportParameters requested are different than current active one (requested -> active):
  custom:video-encoder-webm-vp8: eb34c28f22e8b96e1ab97ce403110664 -> 
  custom:video-decoder-webm-vp8: 9c59270c3fd7afecdb556c50c9e8de78 -> 
  custom:audio-decoder-ogg-vorbis: bf7c407c2cedff20999df2af8eb42d56 -> 
  custom:video-decoder-ogg-theora: a1e56fd34408186e4bbccfd4996cb3dc -> 
  custom:audio-encoder-webm-vorbis: bf7c407c2cedff20999df2af8eb42d56 -> 
  custom:container-demuxer-ogg: 62fdf1f143b41e24485cea50d1cbac27 -> 
  custom:AudioImporter_EditorPlatform: d09bf68614088b80899f8185d706f6e7 -> 
  custom:framework-win-MediaFoundation: 216162199b28c13a410421893ffa2e32 -> 
  custom:container-demuxer-webm: 4f35f7cbe854078d1ac9338744f61a02 -> 
  custom:container-muxer-webm: aa71ff27fc2769a1b78a27578f13a17b -> 
========================================================================
Received Import Request.
  Time since last request: 13.957892 seconds.
  path: Assets/RenderTextureShot/Base/PathHelper.cs
  artifactKey: Guid(e89881703da7df548897b30aa3260e57) Importer(815301076,1909f56bfc062723c751e8b465ee728b)
Start importing Assets/RenderTextureShot/Base/PathHelper.cs using Guid(e89881703da7df548897b30aa3260e57) Importer(815301076,1909f56bfc062723c751e8b465ee728b)  -> (artifact id: '601a474425c810ca60c478b609455631') in 0.001887 seconds 
Number of updated asset objects reloaded before import = 0
Number of asset objects unloaded after import = 0
========================================================================
Received Prepare
Begin MonoManager ReloadAssembly
- Loaded All Assemblies, in  0.533 seconds
Refreshing native plugins compatible for Editor in 0.80 ms, found 0 plugins.
Native extension for WindowsStandalone target not found
Mono: successfully reloaded assembly
- Finished resetting the current domain, in  0.430 seconds
Domain Reload Profiling:
	ReloadAssembly (253ms)
		BeginReloadAssembly (158ms)
			ExecutionOrderSort (0ms)
			DisableScriptedObjects (7ms)
			BackupInstance (0ms)
			ReleaseScriptingObjects (0ms)
			CreateAndSetChildDomain (32ms)
		LoadAllAssembliesAndSetupDomain (277ms)
			LoadAssemblies (176ms)
			RebuildTransferFunctionScriptingTraits (0ms)
			SetupTypeCache (183ms)
				TypeCache.Initialize (181ms)
					TypeCache.ScanAssembly (178ms)
				ResolveRequiredComponents (2ms)
		FinalizeReload (0ms)
			ReleaseScriptCaches (0ms)
			RebuildScriptCaches (0ms)
			SetupLoadedEditorAssemblies (226ms)
				LogAssemblyErrors (0ms)
				InitializePlatformSupportModulesInManaged (6ms)
				SetLoadedEditorAssemblies (3ms)
				RefreshPlugins (0ms)
				BeforeProcessingInitializeOnLoad (45ms)
				ProcessInitializeOnLoadAttributes (141ms)
				ProcessInitializeOnLoadMethodAttributes (23ms)
				AfterProcessingInitializeOnLoad (7ms)
				EditorAssembliesLoaded (0ms)
			ExecutionOrderSort2 (0ms)
			AwakeInstancesAfterBackupRestoration (8ms)
Refreshing native plugins compatible for Editor in 0.57 ms, found 0 plugins.
Preloading 0 native plugins for Editor in 0.00 ms.
Unloading 582 Unused Serialized files (Serialized files now loaded: 0)
Unloading 5 unused Assets / (23.7 KB). Loaded Objects now: 1096.
Memory consumption went from 122.4 MB to 122.4 MB.
Total: 3.373700 ms (FindLiveObjects: 0.118500 ms CreateObjectMapping: 0.043100 ms MarkObjects: 3.177100 ms  DeleteObjects: 0.033900 ms)

Prepare: number of updated asset objects reloaded= 0
AssetImportParameters requested are different than current active one (requested -> active):
  custom:video-encoder-webm-vp8: eb34c28f22e8b96e1ab97ce403110664 -> 
  custom:video-decoder-webm-vp8: 9c59270c3fd7afecdb556c50c9e8de78 -> 
  custom:audio-decoder-ogg-vorbis: bf7c407c2cedff20999df2af8eb42d56 -> 
  custom:video-decoder-ogg-theora: a1e56fd34408186e4bbccfd4996cb3dc -> 
  custom:audio-encoder-webm-vorbis: bf7c407c2cedff20999df2af8eb42d56 -> 
  custom:container-demuxer-ogg: 62fdf1f143b41e24485cea50d1cbac27 -> 
  custom:AudioImporter_EditorPlatform: d09bf68614088b80899f8185d706f6e7 -> 
  custom:framework-win-MediaFoundation: 216162199b28c13a410421893ffa2e32 -> 
  custom:container-demuxer-webm: 4f35f7cbe854078d1ac9338744f61a02 -> 
  custom:container-muxer-webm: aa71ff27fc2769a1b78a27578f13a17b -> 
========================================================================
Received Import Request.
  Time since last request: 7.730824 seconds.
  path: Assets/RenderTextureShot/Base/PathHelper.cs
  artifactKey: Guid(e89881703da7df548897b30aa3260e57) Importer(815301076,1909f56bfc062723c751e8b465ee728b)
Start importing Assets/RenderTextureShot/Base/PathHelper.cs using Guid(e89881703da7df548897b30aa3260e57) Importer(815301076,1909f56bfc062723c751e8b465ee728b)  -> (artifact id: '7037976f44ed92d2104bdea4a07a3a1d') in 0.001600 seconds 
Number of updated asset objects reloaded before import = 0
Number of asset objects unloaded after import = 0
========================================================================
Received Prepare
Begin MonoManager ReloadAssembly
- Loaded All Assemblies, in  0.524 seconds
Refreshing native plugins compatible for Editor in 0.39 ms, found 0 plugins.
Native extension for WindowsStandalone target not found
Mono: successfully reloaded assembly
- Finished resetting the current domain, in  0.427 seconds
Domain Reload Profiling:
	ReloadAssembly (250ms)
		BeginReloadAssembly (160ms)
			ExecutionOrderSort (0ms)
			DisableScriptedObjects (6ms)
			BackupInstance (0ms)
			ReleaseScriptingObjects (0ms)
			CreateAndSetChildDomain (31ms)
		LoadAllAssembliesAndSetupDomain (273ms)
			LoadAssemblies (180ms)
			RebuildTransferFunctionScriptingTraits (0ms)
			SetupTypeCache (177ms)
				TypeCache.Initialize (174ms)
					TypeCache.ScanAssembly (171ms)
				ResolveRequiredComponents (3ms)
		FinalizeReload (0ms)
			ReleaseScriptCaches (0ms)
			RebuildScriptCaches (0ms)
			SetupLoadedEditorAssemblies (229ms)
				LogAssemblyErrors (0ms)
				InitializePlatformSupportModulesInManaged (6ms)
				SetLoadedEditorAssemblies (3ms)
				RefreshPlugins (0ms)
				BeforeProcessingInitializeOnLoad (44ms)
				ProcessInitializeOnLoadAttributes (143ms)
				ProcessInitializeOnLoadMethodAttributes (24ms)
				AfterProcessingInitializeOnLoad (8ms)
				EditorAssembliesLoaded (0ms)
			ExecutionOrderSort2 (0ms)
			AwakeInstancesAfterBackupRestoration (8ms)
Refreshing native plugins compatible for Editor in 0.49 ms, found 0 plugins.
Preloading 0 native plugins for Editor in 0.00 ms.
Unloading 582 Unused Serialized files (Serialized files now loaded: 0)
Unloading 5 unused Assets / (23.7 KB). Loaded Objects now: 1099.
Memory consumption went from 122.4 MB to 122.4 MB.
Total: 3.318800 ms (FindLiveObjects: 0.111300 ms CreateObjectMapping: 0.032000 ms MarkObjects: 3.144400 ms  DeleteObjects: 0.030200 ms)

Prepare: number of updated asset objects reloaded= 0
AssetImportParameters requested are different than current active one (requested -> active):
  custom:video-encoder-webm-vp8: eb34c28f22e8b96e1ab97ce403110664 -> 
  custom:video-decoder-webm-vp8: 9c59270c3fd7afecdb556c50c9e8de78 -> 
  custom:audio-decoder-ogg-vorbis: bf7c407c2cedff20999df2af8eb42d56 -> 
  custom:video-decoder-ogg-theora: a1e56fd34408186e4bbccfd4996cb3dc -> 
  custom:audio-encoder-webm-vorbis: bf7c407c2cedff20999df2af8eb42d56 -> 
  custom:container-demuxer-ogg: 62fdf1f143b41e24485cea50d1cbac27 -> 
  custom:AudioImporter_EditorPlatform: d09bf68614088b80899f8185d706f6e7 -> 
  custom:framework-win-MediaFoundation: 216162199b28c13a410421893ffa2e32 -> 
  custom:container-demuxer-webm: 4f35f7cbe854078d1ac9338744f61a02 -> 
  custom:container-muxer-webm: aa71ff27fc2769a1b78a27578f13a17b -> 
========================================================================
Received Import Request.
  Time since last request: 18.716270 seconds.
  path: Assets/RenderTextureShot/Docs/License.txt
  artifactKey: Guid(ceed3f4f7d67a6b47992d0745839455d) Importer(815301076,1909f56bfc062723c751e8b465ee728b)
Start importing Assets/RenderTextureShot/Docs/License.txt using Guid(ceed3f4f7d67a6b47992d0745839455d) Importer(815301076,1909f56bfc062723c751e8b465ee728b)  -> (artifact id: '8fd0096cb44f297ad0cd2d4f36e4a40c') in 0.014930 seconds 
Number of updated asset objects reloaded before import = 0
Number of asset objects unloaded after import = 1
========================================================================
Received Import Request.
  Time since last request: 20.196614 seconds.
  path: Assets/Samples
  artifactKey: Guid(36ae262c8ac7b0e42a62e978f0762a28) Importer(815301076,1909f56bfc062723c751e8b465ee728b)
Start importing Assets/Samples using Guid(36ae262c8ac7b0e42a62e978f0762a28) Importer(815301076,1909f56bfc062723c751e8b465ee728b)  -> (artifact id: '972dc28c0d790b3052225ddb3b89bce8') in 0.000512 seconds 
Number of updated asset objects reloaded before import = 0
Number of asset objects unloaded after import = 0
========================================================================
Received Import Request.
  Time since last request: 2.333504 seconds.
  path: Assets/Samples/Test.unity
  artifactKey: Guid(b1211d5a70c4a5c448b3ec8b7ac500ee) Importer(815301076,1909f56bfc062723c751e8b465ee728b)
Start importing Assets/Samples/Test.unity using Guid(b1211d5a70c4a5c448b3ec8b7ac500ee) Importer(815301076,1909f56bfc062723c751e8b465ee728b)  -> (artifact id: '982551264486cb0c89b186ffd1d280fb') in 0.000573 seconds 
Number of updated asset objects reloaded before import = 0
Number of asset objects unloaded after import = 0
========================================================================
Received Import Request.
  Time since last request: 9.985025 seconds.
  path: Assets/Samples/TestRuntimeRenderTextureShot.unity
  artifactKey: Guid(b1211d5a70c4a5c448b3ec8b7ac500ee) Importer(815301076,1909f56bfc062723c751e8b465ee728b)
Start importing Assets/Samples/TestRuntimeRenderTextureShot.unity using Guid(b1211d5a70c4a5c448b3ec8b7ac500ee) Importer(815301076,1909f56bfc062723c751e8b465ee728b)  -> (artifact id: '9a0ebf7a8f14ae4bdbf83cc724268b5b') in 0.000578 seconds 
Number of updated asset objects reloaded before import = 0
Number of asset objects unloaded after import = 0
========================================================================
Received Import Request.
  Time since last request: 14.588486 seconds.
  path: Assets/RenderTextureShot/Runtime
  artifactKey: Guid(aca04f494f99fb644844aa73947998dd) Importer(815301076,1909f56bfc062723c751e8b465ee728b)
Start importing Assets/RenderTextureShot/Runtime using Guid(aca04f494f99fb644844aa73947998dd) Importer(815301076,1909f56bfc062723c751e8b465ee728b)  -> (artifact id: '109445b29ecbfc23f134309fdd106141') in 0.000529 seconds 
Number of updated asset objects reloaded before import = 0
Number of asset objects unloaded after import = 0
========================================================================
Received Prepare
Begin MonoManager ReloadAssembly
- Loaded All Assemblies, in  0.540 seconds
Refreshing native plugins compatible for Editor in 0.52 ms, found 0 plugins.
Native extension for WindowsStandalone target not found
Mono: successfully reloaded assembly
- Finished resetting the current domain, in  0.431 seconds
Domain Reload Profiling:
	ReloadAssembly (256ms)
		BeginReloadAssembly (159ms)
			ExecutionOrderSort (0ms)
			DisableScriptedObjects (8ms)
			BackupInstance (0ms)
			ReleaseScriptingObjects (0ms)
			CreateAndSetChildDomain (32ms)
		LoadAllAssembliesAndSetupDomain (282ms)
			LoadAssemblies (187ms)
			RebuildTransferFunctionScriptingTraits (0ms)
			SetupTypeCache (180ms)
				TypeCache.Initialize (177ms)
					TypeCache.ScanAssembly (174ms)
				ResolveRequiredComponents (3ms)
		FinalizeReload (0ms)
			ReleaseScriptCaches (0ms)
			RebuildScriptCaches (0ms)
			SetupLoadedEditorAssemblies (234ms)
				LogAssemblyErrors (0ms)
				InitializePlatformSupportModulesInManaged (7ms)
				SetLoadedEditorAssemblies (4ms)
				RefreshPlugins (0ms)
				BeforeProcessingInitializeOnLoad (42ms)
				ProcessInitializeOnLoadAttributes (151ms)
				ProcessInitializeOnLoadMethodAttributes (24ms)
				AfterProcessingInitializeOnLoad (6ms)
				EditorAssembliesLoaded (0ms)
			ExecutionOrderSort2 (0ms)
			AwakeInstancesAfterBackupRestoration (8ms)
Refreshing native plugins compatible for Editor in 0.48 ms, found 0 plugins.
Preloading 0 native plugins for Editor in 0.00 ms.
Unloading 582 Unused Serialized files (Serialized files now loaded: 0)
Unloading 5 unused Assets / (23.7 KB). Loaded Objects now: 1102.
Memory consumption went from 122.4 MB to 122.4 MB.
Total: 5.827700 ms (FindLiveObjects: 0.188900 ms CreateObjectMapping: 0.055400 ms MarkObjects: 5.548200 ms  DeleteObjects: 0.034200 ms)

Prepare: number of updated asset objects reloaded= 0
AssetImportParameters requested are different than current active one (requested -> active):
  custom:video-encoder-webm-vp8: eb34c28f22e8b96e1ab97ce403110664 -> 
  custom:video-decoder-webm-vp8: 9c59270c3fd7afecdb556c50c9e8de78 -> 
  custom:audio-decoder-ogg-vorbis: bf7c407c2cedff20999df2af8eb42d56 -> 
  custom:video-decoder-ogg-theora: a1e56fd34408186e4bbccfd4996cb3dc -> 
  custom:audio-encoder-webm-vorbis: bf7c407c2cedff20999df2af8eb42d56 -> 
  custom:container-demuxer-ogg: 62fdf1f143b41e24485cea50d1cbac27 -> 
  custom:AudioImporter_EditorPlatform: d09bf68614088b80899f8185d706f6e7 -> 
  custom:framework-win-MediaFoundation: 216162199b28c13a410421893ffa2e32 -> 
  custom:container-demuxer-webm: 4f35f7cbe854078d1ac9338744f61a02 -> 
  custom:container-muxer-webm: aa71ff27fc2769a1b78a27578f13a17b -> 
========================================================================
Received Import Request.
  Time since last request: 82.630127 seconds.
  path: Assets/RenderTextureShot/Example
  artifactKey: Guid(6a242bfd2c35d8d4a8adace83316731d) Importer(815301076,1909f56bfc062723c751e8b465ee728b)
Start importing Assets/RenderTextureShot/Example using Guid(6a242bfd2c35d8d4a8adace83316731d) Importer(815301076,1909f56bfc062723c751e8b465ee728b)  -> (artifact id: '48f2625199ed3bba3710ec54db6b1c0c') in 0.001713 seconds 
Number of updated asset objects reloaded before import = 0
Number of asset objects unloaded after import = 0
========================================================================
Received Import Request.
  Time since last request: 2.578629 seconds.
  path: Assets/RenderTextureShot/Samples
  artifactKey: Guid(6a242bfd2c35d8d4a8adace83316731d) Importer(815301076,1909f56bfc062723c751e8b465ee728b)
Start importing Assets/RenderTextureShot/Samples using Guid(6a242bfd2c35d8d4a8adace83316731d) Importer(815301076,1909f56bfc062723c751e8b465ee728b)  -> (artifact id: '134b0d3ae1de0a77e0ab3de3644488e2') in 0.000488 seconds 
Number of updated asset objects reloaded before import = 0
Number of asset objects unloaded after import = 0
========================================================================
Received Import Request.
  Time since last request: 5.278740 seconds.
  path: Assets/RenderTextureShot/Samples/RuntimeRenderTextureShot.unity
  artifactKey: Guid(f5e6c51f0d2ba6b47a322f9f49bfc6f7) Importer(815301076,1909f56bfc062723c751e8b465ee728b)
Start importing Assets/RenderTextureShot/Samples/RuntimeRenderTextureShot.unity using Guid(f5e6c51f0d2ba6b47a322f9f49bfc6f7) Importer(815301076,1909f56bfc062723c751e8b465ee728b)  -> (artifact id: '43083cff6ec6f91860dacb274d3394e7') in 0.000697 seconds 
Number of updated asset objects reloaded before import = 0
Number of asset objects unloaded after import = 0
========================================================================
Received Prepare
Begin MonoManager ReloadAssembly
- Loaded All Assemblies, in  0.525 seconds
Refreshing native plugins compatible for Editor in 0.39 ms, found 0 plugins.
Native extension for WindowsStandalone target not found
Mono: successfully reloaded assembly
- Finished resetting the current domain, in  0.485 seconds
Domain Reload Profiling:
	ReloadAssembly (255ms)
		BeginReloadAssembly (158ms)
			ExecutionOrderSort (0ms)
			DisableScriptedObjects (8ms)
			BackupInstance (0ms)
			ReleaseScriptingObjects (0ms)
			CreateAndSetChildDomain (28ms)
		LoadAllAssembliesAndSetupDomain (268ms)
			LoadAssemblies (178ms)
			RebuildTransferFunctionScriptingTraits (0ms)
			SetupTypeCache (174ms)
				TypeCache.Initialize (170ms)
					TypeCache.ScanAssembly (167ms)
				ResolveRequiredComponents (2ms)
		FinalizeReload (0ms)
			ReleaseScriptCaches (0ms)
			RebuildScriptCaches (0ms)
			SetupLoadedEditorAssemblies (277ms)
				LogAssemblyErrors (0ms)
				InitializePlatformSupportModulesInManaged (7ms)
				SetLoadedEditorAssemblies (3ms)
				RefreshPlugins (0ms)
				BeforeProcessingInitializeOnLoad (43ms)
				ProcessInitializeOnLoadAttributes (189ms)
				ProcessInitializeOnLoadMethodAttributes (28ms)
				AfterProcessingInitializeOnLoad (8ms)
				EditorAssembliesLoaded (0ms)
			ExecutionOrderSort2 (0ms)
			AwakeInstancesAfterBackupRestoration (10ms)
Refreshing native plugins compatible for Editor in 0.47 ms, found 0 plugins.
Preloading 0 native plugins for Editor in 0.00 ms.
Unloading 582 Unused Serialized files (Serialized files now loaded: 0)
Unloading 5 unused Assets / (23.7 KB). Loaded Objects now: 1105.
Memory consumption went from 122.4 MB to 122.4 MB.
Total: 3.803000 ms (FindLiveObjects: 0.106700 ms CreateObjectMapping: 0.042400 ms MarkObjects: 3.619900 ms  DeleteObjects: 0.032600 ms)

Prepare: number of updated asset objects reloaded= 0
AssetImportParameters requested are different than current active one (requested -> active):
  custom:video-encoder-webm-vp8: eb34c28f22e8b96e1ab97ce403110664 -> 
  custom:video-decoder-webm-vp8: 9c59270c3fd7afecdb556c50c9e8de78 -> 
  custom:audio-decoder-ogg-vorbis: bf7c407c2cedff20999df2af8eb42d56 -> 
  custom:video-decoder-ogg-theora: a1e56fd34408186e4bbccfd4996cb3dc -> 
  custom:audio-encoder-webm-vorbis: bf7c407c2cedff20999df2af8eb42d56 -> 
  custom:container-demuxer-ogg: 62fdf1f143b41e24485cea50d1cbac27 -> 
  custom:AudioImporter_EditorPlatform: d09bf68614088b80899f8185d706f6e7 -> 
  custom:framework-win-MediaFoundation: 216162199b28c13a410421893ffa2e32 -> 
  custom:container-demuxer-webm: 4f35f7cbe854078d1ac9338744f61a02 -> 
  custom:container-muxer-webm: aa71ff27fc2769a1b78a27578f13a17b -> 
========================================================================
Received Import Request.
  Time since last request: 20.576752 seconds.
  path: Assets/RenderTextureShot/Runtime/PathHelper.cs
  artifactKey: Guid(e89881703da7df548897b30aa3260e57) Importer(815301076,1909f56bfc062723c751e8b465ee728b)
Start importing Assets/RenderTextureShot/Runtime/PathHelper.cs using Guid(e89881703da7df548897b30aa3260e57) Importer(815301076,1909f56bfc062723c751e8b465ee728b)  -> (artifact id: '9e8bbb4fd9b5b4783b24110c29252186') in 0.002262 seconds 
Number of updated asset objects reloaded before import = 0
Number of asset objects unloaded after import = 0
========================================================================
Received Prepare
Begin MonoManager ReloadAssembly
- Loaded All Assemblies, in  0.527 seconds
Refreshing native plugins compatible for Editor in 0.35 ms, found 0 plugins.
Native extension for WindowsStandalone target not found
Mono: successfully reloaded assembly
- Finished resetting the current domain, in  0.488 seconds
Domain Reload Profiling:
	ReloadAssembly (254ms)
		BeginReloadAssembly (158ms)
			ExecutionOrderSort (0ms)
			DisableScriptedObjects (6ms)
			BackupInstance (0ms)
			ReleaseScriptingObjects (0ms)
			CreateAndSetChildDomain (31ms)
		LoadAllAssembliesAndSetupDomain (271ms)
			LoadAssemblies (179ms)
			RebuildTransferFunctionScriptingTraits (0ms)
			SetupTypeCache (172ms)
				TypeCache.Initialize (169ms)
					TypeCache.ScanAssembly (165ms)
				ResolveRequiredComponents (3ms)
		FinalizeReload (0ms)
			ReleaseScriptCaches (0ms)
			RebuildScriptCaches (0ms)
			SetupLoadedEditorAssemblies (268ms)
				LogAssemblyErrors (0ms)
				InitializePlatformSupportModulesInManaged (8ms)
				SetLoadedEditorAssemblies (3ms)
				RefreshPlugins (0ms)
				BeforeProcessingInitializeOnLoad (43ms)
				ProcessInitializeOnLoadAttributes (174ms)
				ProcessInitializeOnLoadMethodAttributes (31ms)
				AfterProcessingInitializeOnLoad (9ms)
				EditorAssembliesLoaded (0ms)
			ExecutionOrderSort2 (0ms)
			AwakeInstancesAfterBackupRestoration (11ms)
Refreshing native plugins compatible for Editor in 0.51 ms, found 0 plugins.
Preloading 0 native plugins for Editor in 0.00 ms.
Unloading 582 Unused Serialized files (Serialized files now loaded: 0)
Unloading 5 unused Assets / (23.7 KB). Loaded Objects now: 1108.
Memory consumption went from 122.4 MB to 122.4 MB.
Total: 2.378900 ms (FindLiveObjects: 0.114000 ms CreateObjectMapping: 0.046700 ms MarkObjects: 2.183400 ms  DeleteObjects: 0.034000 ms)

Prepare: number of updated asset objects reloaded= 0
AssetImportParameters requested are different than current active one (requested -> active):
  custom:video-encoder-webm-vp8: eb34c28f22e8b96e1ab97ce403110664 -> 
  custom:video-decoder-webm-vp8: 9c59270c3fd7afecdb556c50c9e8de78 -> 
  custom:audio-decoder-ogg-vorbis: bf7c407c2cedff20999df2af8eb42d56 -> 
  custom:video-decoder-ogg-theora: a1e56fd34408186e4bbccfd4996cb3dc -> 
  custom:audio-encoder-webm-vorbis: bf7c407c2cedff20999df2af8eb42d56 -> 
  custom:container-demuxer-ogg: 62fdf1f143b41e24485cea50d1cbac27 -> 
  custom:AudioImporter_EditorPlatform: d09bf68614088b80899f8185d706f6e7 -> 
  custom:framework-win-MediaFoundation: 216162199b28c13a410421893ffa2e32 -> 
  custom:container-demuxer-webm: 4f35f7cbe854078d1ac9338744f61a02 -> 
  custom:container-muxer-webm: aa71ff27fc2769a1b78a27578f13a17b -> 
========================================================================
Received Import Request.
  Time since last request: 23.954937 seconds.
  path: Assets/RenderTextureShot/Runtime/Base
  artifactKey: Guid(89bfb3b8736d7964f9c02668135e88f7) Importer(815301076,1909f56bfc062723c751e8b465ee728b)
Start importing Assets/RenderTextureShot/Runtime/Base using Guid(89bfb3b8736d7964f9c02668135e88f7) Importer(815301076,1909f56bfc062723c751e8b465ee728b)  -> (artifact id: '1fbd642e61fc6f654006d4587bb05e6f') in 0.001967 seconds 
Number of updated asset objects reloaded before import = 0
Number of asset objects unloaded after import = 0
========================================================================
Received Prepare
Begin MonoManager ReloadAssembly
- Loaded All Assemblies, in  0.536 seconds
Refreshing native plugins compatible for Editor in 0.43 ms, found 0 plugins.
Native extension for WindowsStandalone target not found
Mono: successfully reloaded assembly
- Finished resetting the current domain, in  0.448 seconds
Domain Reload Profiling:
	ReloadAssembly (260ms)
		BeginReloadAssembly (167ms)
			ExecutionOrderSort (0ms)
			DisableScriptedObjects (8ms)
			BackupInstance (0ms)
			ReleaseScriptingObjects (0ms)
			CreateAndSetChildDomain (35ms)
		LoadAllAssembliesAndSetupDomain (274ms)
			LoadAssemblies (188ms)
			RebuildTransferFunctionScriptingTraits (0ms)
			SetupTypeCache (174ms)
				TypeCache.Initialize (170ms)
					TypeCache.ScanAssembly (168ms)
				ResolveRequiredComponents (3ms)
		FinalizeReload (0ms)
			ReleaseScriptCaches (0ms)
			RebuildScriptCaches (0ms)
			SetupLoadedEditorAssemblies (246ms)
				LogAssemblyErrors (0ms)
				InitializePlatformSupportModulesInManaged (6ms)
				SetLoadedEditorAssemblies (3ms)
				RefreshPlugins (0ms)
				BeforeProcessingInitializeOnLoad (45ms)
				ProcessInitializeOnLoadAttributes (158ms)
				ProcessInitializeOnLoadMethodAttributes (27ms)
				AfterProcessingInitializeOnLoad (8ms)
				EditorAssembliesLoaded (0ms)
			ExecutionOrderSort2 (0ms)
			AwakeInstancesAfterBackupRestoration (10ms)
Refreshing native plugins compatible for Editor in 0.52 ms, found 0 plugins.
Preloading 0 native plugins for Editor in 0.00 ms.
Unloading 582 Unused Serialized files (Serialized files now loaded: 0)
Unloading 5 unused Assets / (23.7 KB). Loaded Objects now: 1111.
Memory consumption went from 122.4 MB to 122.4 MB.
Total: 4.378800 ms (FindLiveObjects: 0.107300 ms CreateObjectMapping: 0.040700 ms MarkObjects: 4.199900 ms  DeleteObjects: 0.029500 ms)

Prepare: number of updated asset objects reloaded= 0
AssetImportParameters requested are different than current active one (requested -> active):
  custom:video-encoder-webm-vp8: eb34c28f22e8b96e1ab97ce403110664 -> 
  custom:video-decoder-webm-vp8: 9c59270c3fd7afecdb556c50c9e8de78 -> 
  custom:audio-decoder-ogg-vorbis: bf7c407c2cedff20999df2af8eb42d56 -> 
  custom:video-decoder-ogg-theora: a1e56fd34408186e4bbccfd4996cb3dc -> 
  custom:audio-encoder-webm-vorbis: bf7c407c2cedff20999df2af8eb42d56 -> 
  custom:container-demuxer-ogg: 62fdf1f143b41e24485cea50d1cbac27 -> 
  custom:AudioImporter_EditorPlatform: d09bf68614088b80899f8185d706f6e7 -> 
  custom:framework-win-MediaFoundation: 216162199b28c13a410421893ffa2e32 -> 
  custom:container-demuxer-webm: 4f35f7cbe854078d1ac9338744f61a02 -> 
  custom:container-muxer-webm: aa71ff27fc2769a1b78a27578f13a17b -> 
========================================================================
Received Import Request.
  Time since last request: 8.905179 seconds.
  path: Assets/RenderTextureShot/Editor
  artifactKey: Guid(92178130e1dde8c47935d72f04262a68) Importer(815301076,1909f56bfc062723c751e8b465ee728b)
Start importing Assets/RenderTextureShot/Editor using Guid(92178130e1dde8c47935d72f04262a68) Importer(815301076,1909f56bfc062723c751e8b465ee728b)  -> (artifact id: '26261ae1e58cb5111dd85b764ae7dfa6') in 0.002016 seconds 
Number of updated asset objects reloaded before import = 0
Number of asset objects unloaded after import = 0
========================================================================
Received Prepare
Begin MonoManager ReloadAssembly
- Loaded All Assemblies, in  0.532 seconds
Refreshing native plugins compatible for Editor in 0.44 ms, found 0 plugins.
Native extension for WindowsStandalone target not found
Mono: successfully reloaded assembly
- Finished resetting the current domain, in  0.491 seconds
Domain Reload Profiling:
	ReloadAssembly (257ms)
		BeginReloadAssembly (160ms)
			ExecutionOrderSort (0ms)
			DisableScriptedObjects (6ms)
			BackupInstance (0ms)
			ReleaseScriptingObjects (0ms)
			CreateAndSetChildDomain (31ms)
		LoadAllAssembliesAndSetupDomain (273ms)
			LoadAssemblies (173ms)
			RebuildTransferFunctionScriptingTraits (0ms)
			SetupTypeCache (182ms)
				TypeCache.Initialize (179ms)
					TypeCache.ScanAssembly (175ms)
				ResolveRequiredComponents (2ms)
		FinalizeReload (0ms)
			ReleaseScriptCaches (0ms)
			RebuildScriptCaches (0ms)
			SetupLoadedEditorAssemblies (275ms)
				LogAssemblyErrors (0ms)
				InitializePlatformSupportModulesInManaged (7ms)
				SetLoadedEditorAssemblies (3ms)
				RefreshPlugins (0ms)
				BeforeProcessingInitializeOnLoad (54ms)
				ProcessInitializeOnLoadAttributes (174ms)
				ProcessInitializeOnLoadMethodAttributes (29ms)
				AfterProcessingInitializeOnLoad (8ms)
				EditorAssembliesLoaded (0ms)
			ExecutionOrderSort2 (0ms)
			AwakeInstancesAfterBackupRestoration (11ms)
Refreshing native plugins compatible for Editor in 0.56 ms, found 0 plugins.
Preloading 0 native plugins for Editor in 0.00 ms.
Unloading 582 Unused Serialized files (Serialized files now loaded: 0)
Unloading 5 unused Assets / (23.7 KB). Loaded Objects now: 1114.
Memory consumption went from 122.4 MB to 122.4 MB.
Total: 4.218700 ms (FindLiveObjects: 0.118200 ms CreateObjectMapping: 0.040400 ms MarkObjects: 4.029000 ms  DeleteObjects: 0.030000 ms)

Prepare: number of updated asset objects reloaded= 0
AssetImportParameters requested are different than current active one (requested -> active):
  custom:video-encoder-webm-vp8: eb34c28f22e8b96e1ab97ce403110664 -> 
  custom:video-decoder-webm-vp8: 9c59270c3fd7afecdb556c50c9e8de78 -> 
  custom:audio-decoder-ogg-vorbis: bf7c407c2cedff20999df2af8eb42d56 -> 
  custom:video-decoder-ogg-theora: a1e56fd34408186e4bbccfd4996cb3dc -> 
  custom:audio-encoder-webm-vorbis: bf7c407c2cedff20999df2af8eb42d56 -> 
  custom:container-demuxer-ogg: 62fdf1f143b41e24485cea50d1cbac27 -> 
  custom:AudioImporter_EditorPlatform: d09bf68614088b80899f8185d706f6e7 -> 
  custom:framework-win-MediaFoundation: 216162199b28c13a410421893ffa2e32 -> 
  custom:container-demuxer-webm: 4f35f7cbe854078d1ac9338744f61a02 -> 
  custom:container-muxer-webm: aa71ff27fc2769a1b78a27578f13a17b -> 
========================================================================
Received Import Request.
  Time since last request: 4.029588 seconds.
  path: Assets/RenderTextureShot/Base
  artifactKey: Guid(87a515994d568104c9429a8a752188c7) Importer(815301076,1909f56bfc062723c751e8b465ee728b)
Start importing Assets/RenderTextureShot/Base using Guid(87a515994d568104c9429a8a752188c7) Importer(815301076,1909f56bfc062723c751e8b465ee728b)  -> (artifact id: '42a3d9f773925461f0cd32887522f2e2') in 0.002983 seconds 
Number of updated asset objects reloaded before import = 0
Number of asset objects unloaded after import = 0
========================================================================
Received Import Request.
  Time since last request: 16.493866 seconds.
  path: Assets/RenderTextureShot/Docs/Changelog.txt
  artifactKey: Guid(bd7e7d2c44aefcf4aad76414be4ac932) Importer(815301076,1909f56bfc062723c751e8b465ee728b)
Start importing Assets/RenderTextureShot/Docs/Changelog.txt using Guid(bd7e7d2c44aefcf4aad76414be4ac932) Importer(815301076,1909f56bfc062723c751e8b465ee728b)  -> (artifact id: 'c62bfd918bcfbbe1f3d2e9aff266bdbf') in 0.010141 seconds 
Number of updated asset objects reloaded before import = 0
Number of asset objects unloaded after import = 1
========================================================================
Received Import Request.
  Time since last request: 12.822130 seconds.
  path: Assets/RenderTextureShot/Docs/Changelog.md
  artifactKey: Guid(3619d231057d93c46881f282798d4cb1) Importer(815301076,1909f56bfc062723c751e8b465ee728b)
Start importing Assets/RenderTextureShot/Docs/Changelog.md using Guid(3619d231057d93c46881f282798d4cb1) Importer(815301076,1909f56bfc062723c751e8b465ee728b)  -> (artifact id: '8d43548446d06f2380ae37f81a23165f') in 0.001164 seconds 
Number of updated asset objects reloaded before import = 0
Number of asset objects unloaded after import = 1
========================================================================
Received Import Request.
  Time since last request: 3.084233 seconds.
  path: Assets/RenderTextureShot/Docs
  artifactKey: Guid(f7edcb28b6e14264aa9a1e2d05ead42e) Importer(815301076,1909f56bfc062723c751e8b465ee728b)
Start importing Assets/RenderTextureShot/Docs using Guid(f7edcb28b6e14264aa9a1e2d05ead42e) Importer(815301076,1909f56bfc062723c751e8b465ee728b)  -> (artifact id: '8a76d1df9770c1c77ec57c716f9708bd') in 0.000603 seconds 
Number of updated asset objects reloaded before import = 0
Number of asset objects unloaded after import = 0
========================================================================
Received Import Request.
  Time since last request: 15.071390 seconds.
  path: Assets/RenderTextureShot/Runtime/Base/RenderTextureExtensions.cs
  artifactKey: Guid(aad8f70717d7e69439b53c180d39f7fd) Importer(815301076,1909f56bfc062723c751e8b465ee728b)
Start importing Assets/RenderTextureShot/Runtime/Base/RenderTextureExtensions.cs using Guid(aad8f70717d7e69439b53c180d39f7fd) Importer(815301076,1909f56bfc062723c751e8b465ee728b)  -> (artifact id: '63f55ab8a027f795f43127b9d5f56fd3') in 0.000510 seconds 
Number of updated asset objects reloaded before import = 0
Number of asset objects unloaded after import = 0
========================================================================
Received Import Request.
  Time since last request: 133.628126 seconds.
  path: Assets/RenderTextureShot/Changelog.md
  artifactKey: Guid(3619d231057d93c46881f282798d4cb1) Importer(815301076,1909f56bfc062723c751e8b465ee728b)
Start importing Assets/RenderTextureShot/Changelog.md using Guid(3619d231057d93c46881f282798d4cb1) Importer(815301076,1909f56bfc062723c751e8b465ee728b)  -> (artifact id: 'a9095f75cde6b458376b8ff84b851f7f') in 0.002540 seconds 
Number of updated asset objects reloaded before import = 0
Number of asset objects unloaded after import = 1
========================================================================
Received Import Request.
  Time since last request: 39.685029 seconds.
  path: Assets/RenderTextureShot/Changelog.md
  artifactKey: Guid(3619d231057d93c46881f282798d4cb1) Importer(815301076,1909f56bfc062723c751e8b465ee728b)
Start importing Assets/RenderTextureShot/Changelog.md using Guid(3619d231057d93c46881f282798d4cb1) Importer(815301076,1909f56bfc062723c751e8b465ee728b)  -> (artifact id: 'b8333e91e100d9b81bacfb97ed3c28c5') in 0.001384 seconds 
Number of updated asset objects reloaded before import = 0
Number of asset objects unloaded after import = 1
========================================================================
Received Import Request.
  Time since last request: 4.260834 seconds.
  path: Assets
  artifactKey: Guid(00000000000000001000000000000000) Importer(815301076,1909f56bfc062723c751e8b465ee728b)
Start importing Assets using Guid(00000000000000001000000000000000) Importer(815301076,1909f56bfc062723c751e8b465ee728b)  -> (artifact id: '8a4fe85251aa2e89732c359432baa2c3') in 0.000415 seconds 
Number of updated asset objects reloaded before import = 0
Number of asset objects unloaded after import = 0
========================================================================
Received Import Request.
  Time since last request: 116.747975 seconds.
  path: Assets/RenderTextureShot/Editor/EditorRenderTextureShot.cs
  artifactKey: Guid(d92594251c090774eb66251a20377d83) Importer(815301076,1909f56bfc062723c751e8b465ee728b)
Start importing Assets/RenderTextureShot/Editor/EditorRenderTextureShot.cs using Guid(d92594251c090774eb66251a20377d83) Importer(815301076,1909f56bfc062723c751e8b465ee728b)  -> (artifact id: '79269d94f39943b2eb601bc10aa3992d') in 0.004425 seconds 
Number of updated asset objects reloaded before import = 0
Number of asset objects unloaded after import = 0
========================================================================
Received Import Request.
  Time since last request: 0.005273 seconds.
  path: Assets/RenderTextureShot/Samples/RuntimeRenderTextureShotExample.renderTexture
  artifactKey: Guid(93a736372046b0144a2e6c3cbde489fe) Importer(815301076,1909f56bfc062723c751e8b465ee728b)
Start importing Assets/RenderTextureShot/Samples/RuntimeRenderTextureShotExample.renderTexture using Guid(93a736372046b0144a2e6c3cbde489fe) Importer(815301076,1909f56bfc062723c751e8b465ee728b)  -> (artifact id: 'caeee7dbd4d3cd4f81178c3a2730b796') in 0.056958 seconds 
Number of updated asset objects reloaded before import = 0
Number of asset objects unloaded after import = 2
========================================================================
Received Import Request.
  Time since last request: 0.041330 seconds.
  path: Assets/RenderTextureShot/License.md
  artifactKey: Guid(8517629f5ccda2d44875bf60d77276da) Importer(815301076,1909f56bfc062723c751e8b465ee728b)
Start importing Assets/RenderTextureShot/License.md using Guid(8517629f5ccda2d44875bf60d77276da) Importer(815301076,1909f56bfc062723c751e8b465ee728b)  -> (artifact id: 'd7e9103f1e390c0adb81296673b34ecc') in 0.000986 seconds 
Number of updated asset objects reloaded before import = 0
Number of asset objects unloaded after import = 1
========================================================================
Received Import Request.
  Time since last request: 0.006729 seconds.
  path: Assets/RenderTextureShot/Runtime/RuntimeRenderTextureShot.cs
  artifactKey: Guid(6bcc40c411e4f674da7c790e31661463) Importer(815301076,1909f56bfc062723c751e8b465ee728b)
Start importing Assets/RenderTextureShot/Runtime/RuntimeRenderTextureShot.cs using Guid(6bcc40c411e4f674da7c790e31661463) Importer(815301076,1909f56bfc062723c751e8b465ee728b)  -> (artifact id: 'cc4357b896e2b07414347dbb2d7cd559') in 0.000501 seconds 
Number of updated asset objects reloaded before import = 0
Number of asset objects unloaded after import = 0
